Nov 01 2023 10:12:27
{"type":8192,"message":"Using ${var} in strings is deprecated, use {$var} instead","file":"C:\\xampp\\htdocs\\fazalfitnessgym\\wp-content\\plugins\\simply-static\\src\\class-ss-query.php","line":397}

Nov 01 2023 10:12:28
{"type":8192,"message":"Using ${var} in strings is deprecated, use {$var} instead","file":"C:\\xampp\\htdocs\\fazalfitnessgym\\wp-content\\plugins\\simply-static\\src\\class-ss-query.php","line":397}

Nov 01 2023 10:12:28
{"type":8192,"message":"Using ${var} in strings is deprecated, use {$var} instead","file":"C:\\xampp\\htdocs\\fazalfitnessgym\\wp-content\\plugins\\simply-static\\src\\class-ss-query.php","line":397}

Nov 01 2023 10:12:29
{"type":8192,"message":"Using ${var} in strings is deprecated, use {$var} instead","file":"C:\\xampp\\htdocs\\fazalfitnessgym\\wp-content\\plugins\\simply-static\\src\\class-ss-query.php","line":397}

Nov 01 2023 10:12:29
{"type":8192,"message":"Using ${var} in strings is deprecated, use {$var} instead","file":"C:\\xampp\\htdocs\\fazalfitnessgym\\wp-content\\plugins\\simply-static\\src\\class-ss-query.php","line":397}

Nov 01 2023 10:12:30
{"type":8192,"message":"Using ${var} in strings is deprecated, use {$var} instead","file":"C:\\xampp\\htdocs\\fazalfitnessgym\\wp-content\\plugins\\simply-static\\src\\class-ss-query.php","line":397}

Nov 01 2023 10:12:30
{"type":8192,"message":"Using ${var} in strings is deprecated, use {$var} instead","file":"C:\\xampp\\htdocs\\fazalfitnessgym\\wp-content\\plugins\\simply-static\\src\\class-ss-query.php","line":397}

Nov 01 2023 10:12:31
{"type":8192,"message":"Using ${var} in strings is deprecated, use {$var} instead","file":"C:\\xampp\\htdocs\\fazalfitnessgym\\wp-content\\plugins\\simply-static\\src\\class-ss-query.php","line":397}

Nov 01 2023 10:12:31
{"type":8192,"message":"Using ${var} in strings is deprecated, use {$var} instead","file":"C:\\xampp\\htdocs\\fazalfitnessgym\\wp-content\\plugins\\simply-static\\src\\class-ss-query.php","line":397}

Nov 01 2023 10:12:32
{"type":8192,"message":"Using ${var} in strings is deprecated, use {$var} instead","file":"C:\\xampp\\htdocs\\fazalfitnessgym\\wp-content\\plugins\\simply-static\\src\\class-ss-query.php","line":397}

Nov 01 2023 10:12:32
{"type":8192,"message":"Using ${var} in strings is deprecated, use {$var} instead","file":"C:\\xampp\\htdocs\\fazalfitnessgym\\wp-content\\plugins\\simply-static\\src\\class-ss-query.php","line":397}

Nov 01 2023 10:12:33
{"type":8192,"message":"Using ${var} in strings is deprecated, use {$var} instead","file":"C:\\xampp\\htdocs\\fazalfitnessgym\\wp-content\\plugins\\simply-static\\src\\class-ss-query.php","line":397}

Nov 01 2023 10:12:33
{"type":8192,"message":"Using ${var} in strings is deprecated, use {$var} instead","file":"C:\\xampp\\htdocs\\fazalfitnessgym\\wp-content\\plugins\\simply-static\\src\\class-ss-query.php","line":397}

Nov 01 2023 10:12:34
{"type":8192,"message":"Using ${var} in strings is deprecated, use {$var} instead","file":"C:\\xampp\\htdocs\\fazalfitnessgym\\wp-content\\plugins\\simply-static\\src\\class-ss-query.php","line":397}

Nov 01 2023 10:12:34
{"type":8192,"message":"Using ${var} in strings is deprecated, use {$var} instead","file":"C:\\xampp\\htdocs\\fazalfitnessgym\\wp-content\\plugins\\simply-static\\src\\class-ss-query.php","line":397}

Nov 01 2023 10:12:35
{"type":8192,"message":"Using ${var} in strings is deprecated, use {$var} instead","file":"C:\\xampp\\htdocs\\fazalfitnessgym\\wp-content\\plugins\\simply-static\\src\\class-ss-query.php","line":397}

Nov 01 2023 10:12:35
{"type":8192,"message":"Using ${var} in strings is deprecated, use {$var} instead","file":"C:\\xampp\\htdocs\\fazalfitnessgym\\wp-content\\plugins\\simply-static\\src\\class-ss-query.php","line":397}

Nov 01 2023 10:12:36
{"type":8192,"message":"Using ${var} in strings is deprecated, use {$var} instead","file":"C:\\xampp\\htdocs\\fazalfitnessgym\\wp-content\\plugins\\simply-static\\src\\class-ss-query.php","line":397}

Nov 01 2023 10:12:36
{"type":8192,"message":"Using ${var} in strings is deprecated, use {$var} instead","file":"C:\\xampp\\htdocs\\fazalfitnessgym\\wp-content\\plugins\\simply-static\\src\\class-ss-query.php","line":397}

Nov 01 2023 10:12:37
{"type":8192,"message":"Using ${var} in strings is deprecated, use {$var} instead","file":"C:\\xampp\\htdocs\\fazalfitnessgym\\wp-content\\plugins\\simply-static\\src\\class-ss-query.php","line":397}

Nov 01 2023 10:12:45
{"type":8192,"message":"Using ${var} in strings is deprecated, use {$var} instead","file":"C:\\xampp\\htdocs\\fazalfitnessgym\\wp-content\\plugins\\simply-static\\src\\class-ss-query.php","line":397}

Nov 01 2023 10:12:46
{"type":8192,"message":"Using ${var} in strings is deprecated, use {$var} instead","file":"C:\\xampp\\htdocs\\fazalfitnessgym\\wp-content\\plugins\\simply-static\\src\\class-ss-query.php","line":397}

Nov 01 2023 10:12:56
{"type":8192,"message":"Using ${var} in strings is deprecated, use {$var} instead","file":"C:\\xampp\\htdocs\\fazalfitnessgym\\wp-content\\plugins\\simply-static\\src\\class-ss-query.php","line":397}

Nov 01 2023 10:13:04
{"type":8192,"message":"Using ${var} in strings is deprecated, use {$var} instead","file":"C:\\xampp\\htdocs\\fazalfitnessgym\\wp-content\\plugins\\simply-static\\src\\class-ss-query.php","line":397}

Nov 01 2023 10:13:05
{"type":8192,"message":"Using ${var} in strings is deprecated, use {$var} instead","file":"C:\\xampp\\htdocs\\fazalfitnessgym\\wp-content\\plugins\\simply-static\\src\\class-ss-query.php","line":397}

Nov 01 2023 10:13:06
{"Number":8192,"Message":"Creation of dynamic property Ai1wm_Database_Mysqli::$old_replace_raw_values is deprecated","File":"C:\\xampp\\htdocs\\fazalfitnessgym\\wp-content\\plugins\\All-In-One-WP-Migration-With-Import-master\\lib\\vendor\\servmask\\database\\class-ai1wm-database.php","Line":300}

Nov 01 2023 10:13:06
{"Number":8192,"Message":"Creation of dynamic property Ai1wm_Database_Mysqli::$new_replace_raw_values is deprecated","File":"C:\\xampp\\htdocs\\fazalfitnessgym\\wp-content\\plugins\\All-In-One-WP-Migration-With-Import-master\\lib\\vendor\\servmask\\database\\class-ai1wm-database.php","Line":321}

Nov 01 2023 10:13:08
{"type":8192,"message":"Using ${var} in strings is deprecated, use {$var} instead","file":"C:\\xampp\\htdocs\\fazalfitnessgym\\wp-content\\plugins\\simply-static\\src\\class-ss-query.php","line":397}

Nov 01 2023 10:13:08
{"type":8192,"message":"Return type of Ai1wm_Recursive_Newline_Filter::accept() should either be compatible with FilterIterator::accept(): bool, or the #[\\ReturnTypeWillChange] attribute should be used to temporarily suppress the notice","file":"C:\\xampp\\htdocs\\fazalfitnessgym\\wp-content\\plugins\\All-In-One-WP-Migration-With-Import-master\\lib\\vendor\\servmask\\filter\\class-ai1wm-recursive-newline-filter.php","line":28}

Nov 01 2023 10:13:10
{"type":8192,"message":"Return type of Ai1wm_Recursive_Newline_Filter::accept() should either be compatible with FilterIterator::accept(): bool, or the #[\\ReturnTypeWillChange] attribute should be used to temporarily suppress the notice","file":"C:\\xampp\\htdocs\\fazalfitnessgym\\wp-content\\plugins\\All-In-One-WP-Migration-With-Import-master\\lib\\vendor\\servmask\\filter\\class-ai1wm-recursive-newline-filter.php","line":28}

